[23:56:23] [ERROR] Error parsing Ingredient String: Invalid Item: natura:overworld_leaves:-1
[23:56:23] [ERROR] Compost JSON Entry for natura:overworld_leaves:-1 already exists, skipping.
[23:56:23] [ERROR] Error parsing Ingredient String: Invalid Item: natura:overworld_leaves2:-1
[23:56:23] [ERROR] Compost JSON Entry for natura:overworld_leaves2:-1 already exists, skipping.
[23:56:23] [ERROR] Error parsing Ingredient String: Invalid Item: natura:redwood_leaves:0
[23:56:23] [ERROR] Compost JSON Entry for natura:redwood_leaves:0 already exists, skipping.
[23:56:23] [ERROR] Error parsing Ingredient String: Invalid Item: natura:nether_leaves:-1
[23:56:23] [ERROR] Compost JSON Entry for natura:nether_leaves:-1 already exists, skipping.
[23:56:23] [ERROR] Error parsing Ingredient String: Invalid Item: natura:nether_leaves2:-1
[23:56:23] [ERROR] Compost JSON Entry for natura:nether_leaves2:-1 already exists, skipping.
[23:56:23] [ERROR] Number error in json: randomthings:spectreleaf:*
[23:56:23] [ERROR] Compost JSON Entry for randomthings:spectreleaf:* already exists, skipping.
[23:56:29] [INFO] Enabled support for The One Probe
[23:57:37] [INFO] ModConfig Loaded: true
[23:57:37] [INFO] JEI: Compost Recipe Pages Loaded:         4
[23:57:37] [INFO] JEI: Fluid Item Transform Recipes Loaded:       24
[23:57:37] [INFO] JEI: Fluid On Top Recipes Loaded:       2
[23:57:37] [INFO] JEI: Fluid Transform Recipes Loaded:    2
[23:57:37] [INFO] JEI: Hammer Recipes Loaded:             14
[23:57:37] [INFO] JEI: Crook Recipes Loaded:              32
[23:57:37] [INFO] JEI: Heat Sources Loaded:             12
[23:57:37] [INFO] JEI: Sieve Recipes Loaded:              25
[23:57:37] [INFO] JEI: Stone Crucible Recipes Loaded:       1
[23:57:37] [INFO] JEI: Wood Crucible Recipes Loaded:        1
[23:57:37] [INFO] Registered Crook Catalyst: enderio:item_dark_steel_crook
[23:57:37] [INFO] Registered Hammer Catalyst: exnihilocreatio:hammer_wood
[23:57:37] [INFO] Registered Hammer Catalyst: exnihilocreatio:hammer_stone
[23:57:37] [INFO] Registered Hammer Catalyst: exnihilocreatio:hammer_iron
[23:57:37] [INFO] Registered Hammer Catalyst: exnihilocreatio:hammer_diamond
[23:57:37] [INFO] Registered Hammer Catalyst: exnihilocreatio:hammer_gold
[23:57:37] [INFO] Registered Crook Catalyst: exnihilocreatio:crook_wood
[23:57:37] [INFO] Registered Crook Catalyst: exnihilocreatio:crook_stone
[23:57:37] [INFO] Registered Crook Catalyst: exnihilocreatio:crook_andesite
[23:57:37] [INFO] Registered Crook Catalyst: exnihilocreatio:crook_granite
[23:57:37] [INFO] Registered Crook Catalyst: exnihilocreatio:crook_diorite
[23:57:37] [INFO] Registered Crook Catalyst: exnihilocreatio:crook_gold
[23:57:37] [INFO] Registered Crook Catalyst: exnihilocreatio:crook_iron
[23:57:37] [INFO] Registered Crook Catalyst: exnihilocreatio:crook_diamond
[23:57:37] [INFO] Registered Crook Catalyst: exnihilocreatio:crook_bone
[23:57:37] [INFO] Registered Crook Catalyst: exnihilocreatio:crook_clay_uncooked
[23:57:37] [INFO] Registered Crook Catalyst: exnihilocreatio:crook_clay
[23:57:37] [INFO] Registered Crook Catalyst: exnihilocreatio:crook_prismarine
[23:57:37] [INFO] Registered Crook Catalyst: exnihilocreatio:crook_netherrack
[23:57:37] [INFO] Registered Crook Catalyst: exnihilocreatio:crook_purpur
[23:57:37] [INFO] Registered Crook Catalyst: exnihilocreatio:crook_blaze
[23:57:37] [INFO] Registered Hammer Catalyst: exnihilocreatio:hammer_tconstruct
[23:57:37] [INFO] Registered Crook Catalyst: exnihilocreatio:crook_tconstruct
[23:57:37] [INFO] Registered Crook Catalyst: excompressum:compressed_crook
[23:57:37] [INFO] Registered Crook Catalyst: stoneblockutilities:crook_stone
