[09:53:12] [ERROR] Error parsing Ingredient String: Invalid Item: natura:overworld_leaves:-1
[09:53:12] [ERROR] Compost JSON Entry for natura:overworld_leaves:-1 already exists, skipping.
[09:53:12] [ERROR] Error parsing Ingredient String: Invalid Item: natura:overworld_leaves2:-1
[09:53:12] [ERROR] Compost JSON Entry for natura:overworld_leaves2:-1 already exists, skipping.
[09:53:12] [ERROR] Error parsing Ingredient String: Invalid Item: natura:redwood_leaves:0
[09:53:12] [ERROR] Compost JSON Entry for natura:redwood_leaves:0 already exists, skipping.
[09:53:12] [ERROR] Error parsing Ingredient String: Invalid Item: natura:nether_leaves:-1
[09:53:12] [ERROR] Compost JSON Entry for natura:nether_leaves:-1 already exists, skipping.
[09:53:12] [ERROR] Error parsing Ingredient String: Invalid Item: natura:nether_leaves2:-1
[09:53:12] [ERROR] Compost JSON Entry for natura:nether_leaves2:-1 already exists, skipping.
[09:53:12] [ERROR] Number error in json: randomthings:spectreleaf:*
[09:53:12] [ERROR] Compost JSON Entry for randomthings:spectreleaf:* already exists, skipping.
[09:53:20] [INFO] Enabled support for The One Probe
[09:54:24] [INFO] ModConfig Loaded: true
[09:54:24] [INFO] JEI: Compost Recipe Pages Loaded:         4
[09:54:24] [INFO] JEI: Fluid Item Transform Recipes Loaded:       24
[09:54:24] [INFO] JEI: Fluid On Top Recipes Loaded:       2
[09:54:24] [INFO] JEI: Fluid Transform Recipes Loaded:    2
[09:54:24] [INFO] JEI: Hammer Recipes Loaded:             14
[09:54:24] [INFO] JEI: Crook Recipes Loaded:              32
[09:54:24] [INFO] JEI: Heat Sources Loaded:             12
[09:54:24] [INFO] JEI: Sieve Recipes Loaded:              25
[09:54:24] [INFO] JEI: Stone Crucible Recipes Loaded:       1
[09:54:24] [INFO] JEI: Wood Crucible Recipes Loaded:        1
[09:54:24] [INFO] Registered Crook Catalyst: enderio:item_dark_steel_crook
[09:54:24] [INFO] Registered Hammer Catalyst: exnihilocreatio:hammer_wood
[09:54:24] [INFO] Registered Hammer Catalyst: exnihilocreatio:hammer_stone
[09:54:24] [INFO] Registered Hammer Catalyst: exnihilocreatio:hammer_iron
[09:54:24] [INFO] Registered Hammer Catalyst: exnihilocreatio:hammer_diamond
[09:54:24] [INFO] Registered Hammer Catalyst: exnihilocreatio:hammer_gold
[09:54:24] [INFO] Registered Crook Catalyst: exnihilocreatio:crook_wood
[09:54:24] [INFO] Registered Crook Catalyst: exnihilocreatio:crook_stone
[09:54:24] [INFO] Registered Crook Catalyst: exnihilocreatio:crook_andesite
[09:54:24] [INFO] Registered Crook Catalyst: exnihilocreatio:crook_granite
[09:54:24] [INFO] Registered Crook Catalyst: exnihilocreatio:crook_diorite
[09:54:24] [INFO] Registered Crook Catalyst: exnihilocreatio:crook_gold
[09:54:24] [INFO] Registered Crook Catalyst: exnihilocreatio:crook_iron
[09:54:24] [INFO] Registered Crook Catalyst: exnihilocreatio:crook_diamond
[09:54:24] [INFO] Registered Crook Catalyst: exnihilocreatio:crook_bone
[09:54:24] [INFO] Registered Crook Catalyst: exnihilocreatio:crook_clay_uncooked
[09:54:24] [INFO] Registered Crook Catalyst: exnihilocreatio:crook_clay
[09:54:24] [INFO] Registered Crook Catalyst: exnihilocreatio:crook_prismarine
[09:54:24] [INFO] Registered Crook Catalyst: exnihilocreatio:crook_netherrack
[09:54:24] [INFO] Registered Crook Catalyst: exnihilocreatio:crook_purpur
[09:54:24] [INFO] Registered Crook Catalyst: exnihilocreatio:crook_blaze
[09:54:24] [INFO] Registered Hammer Catalyst: exnihilocreatio:hammer_tconstruct
[09:54:24] [INFO] Registered Crook Catalyst: exnihilocreatio:crook_tconstruct
[09:54:24] [INFO] Registered Crook Catalyst: excompressum:compressed_crook
[09:54:24] [INFO] Registered Crook Catalyst: stoneblockutilities:crook_stone
