[22:13:01] [ERROR] Error parsing Ingredient String: Invalid Item: natura:overworld_leaves:-1
[22:13:01] [ERROR] Compost JSON Entry for natura:overworld_leaves:-1 already exists, skipping.
[22:13:01] [ERROR] Error parsing Ingredient String: Invalid Item: natura:overworld_leaves2:-1
[22:13:01] [ERROR] Compost JSON Entry for natura:overworld_leaves2:-1 already exists, skipping.
[22:13:01] [ERROR] Error parsing Ingredient String: Invalid Item: natura:redwood_leaves:0
[22:13:01] [ERROR] Compost JSON Entry for natura:redwood_leaves:0 already exists, skipping.
[22:13:01] [ERROR] Error parsing Ingredient String: Invalid Item: natura:nether_leaves:-1
[22:13:01] [ERROR] Compost JSON Entry for natura:nether_leaves:-1 already exists, skipping.
[22:13:01] [ERROR] Error parsing Ingredient String: Invalid Item: natura:nether_leaves2:-1
[22:13:01] [ERROR] Compost JSON Entry for natura:nether_leaves2:-1 already exists, skipping.
[22:13:01] [ERROR] Number error in json: randomthings:spectreleaf:*
[22:13:01] [ERROR] Compost JSON Entry for randomthings:spectreleaf:* already exists, skipping.
[22:13:08] [INFO] Enabled support for The One Probe
[22:14:29] [INFO] ModConfig Loaded: true
[22:14:29] [INFO] JEI: Compost Recipe Pages Loaded:         4
[22:14:29] [INFO] JEI: Fluid Item Transform Recipes Loaded:       24
[22:14:29] [INFO] JEI: Fluid On Top Recipes Loaded:       2
[22:14:29] [INFO] JEI: Fluid Transform Recipes Loaded:    2
[22:14:29] [INFO] JEI: Hammer Recipes Loaded:             14
[22:14:29] [INFO] JEI: Crook Recipes Loaded:              32
[22:14:29] [INFO] JEI: Heat Sources Loaded:             12
[22:14:29] [INFO] JEI: Sieve Recipes Loaded:              25
[22:14:29] [INFO] JEI: Stone Crucible Recipes Loaded:       1
[22:14:29] [INFO] JEI: Wood Crucible Recipes Loaded:        1
[22:14:29] [INFO] Registered Crook Catalyst: enderio:item_dark_steel_crook
[22:14:29] [INFO] Registered Hammer Catalyst: exnihilocreatio:hammer_wood
[22:14:29] [INFO] Registered Hammer Catalyst: exnihilocreatio:hammer_stone
[22:14:29] [INFO] Registered Hammer Catalyst: exnihilocreatio:hammer_iron
[22:14:29] [INFO] Registered Hammer Catalyst: exnihilocreatio:hammer_diamond
[22:14:29] [INFO] Registered Hammer Catalyst: exnihilocreatio:hammer_gold
[22:14:29] [INFO] Registered Crook Catalyst: exnihilocreatio:crook_wood
[22:14:29] [INFO] Registered Crook Catalyst: exnihilocreatio:crook_stone
[22:14:29] [INFO] Registered Crook Catalyst: exnihilocreatio:crook_andesite
[22:14:29] [INFO] Registered Crook Catalyst: exnihilocreatio:crook_granite
[22:14:29] [INFO] Registered Crook Catalyst: exnihilocreatio:crook_diorite
[22:14:29] [INFO] Registered Crook Catalyst: exnihilocreatio:crook_gold
[22:14:29] [INFO] Registered Crook Catalyst: exnihilocreatio:crook_iron
[22:14:29] [INFO] Registered Crook Catalyst: exnihilocreatio:crook_diamond
[22:14:29] [INFO] Registered Crook Catalyst: exnihilocreatio:crook_bone
[22:14:29] [INFO] Registered Crook Catalyst: exnihilocreatio:crook_clay_uncooked
[22:14:29] [INFO] Registered Crook Catalyst: exnihilocreatio:crook_clay
[22:14:29] [INFO] Registered Crook Catalyst: exnihilocreatio:crook_prismarine
[22:14:29] [INFO] Registered Crook Catalyst: exnihilocreatio:crook_netherrack
[22:14:29] [INFO] Registered Crook Catalyst: exnihilocreatio:crook_purpur
[22:14:29] [INFO] Registered Crook Catalyst: exnihilocreatio:crook_blaze
[22:14:29] [INFO] Registered Hammer Catalyst: exnihilocreatio:hammer_tconstruct
[22:14:29] [INFO] Registered Crook Catalyst: exnihilocreatio:crook_tconstruct
[22:14:29] [INFO] Registered Crook Catalyst: excompressum:compressed_crook
[22:14:29] [INFO] Registered Crook Catalyst: stoneblockutilities:crook_stone
