[08:30:41] [ERROR] Error parsing Ingredient String: Invalid Item: natura:overworld_leaves:-1
[08:30:41] [ERROR] Compost JSON Entry for natura:overworld_leaves:-1 already exists, skipping.
[08:30:41] [ERROR] Error parsing Ingredient String: Invalid Item: natura:overworld_leaves2:-1
[08:30:41] [ERROR] Compost JSON Entry for natura:overworld_leaves2:-1 already exists, skipping.
[08:30:41] [ERROR] Error parsing Ingredient String: Invalid Item: natura:redwood_leaves:0
[08:30:41] [ERROR] Compost JSON Entry for natura:redwood_leaves:0 already exists, skipping.
[08:30:41] [ERROR] Error parsing Ingredient String: Invalid Item: natura:nether_leaves:-1
[08:30:41] [ERROR] Compost JSON Entry for natura:nether_leaves:-1 already exists, skipping.
[08:30:41] [ERROR] Error parsing Ingredient String: Invalid Item: natura:nether_leaves2:-1
[08:30:41] [ERROR] Compost JSON Entry for natura:nether_leaves2:-1 already exists, skipping.
[08:30:41] [ERROR] Number error in json: randomthings:spectreleaf:*
[08:30:41] [ERROR] Compost JSON Entry for randomthings:spectreleaf:* already exists, skipping.
[08:30:48] [INFO] Enabled support for The One Probe
[08:31:54] [INFO] ModConfig Loaded: true
[08:31:54] [INFO] JEI: Compost Recipe Pages Loaded:         4
[08:31:54] [INFO] JEI: Fluid Item Transform Recipes Loaded:       24
[08:31:54] [INFO] JEI: Fluid On Top Recipes Loaded:       2
[08:31:54] [INFO] JEI: Fluid Transform Recipes Loaded:    2
[08:31:54] [INFO] JEI: Hammer Recipes Loaded:             14
[08:31:54] [INFO] JEI: Crook Recipes Loaded:              32
[08:31:54] [INFO] JEI: Heat Sources Loaded:             12
[08:31:54] [INFO] JEI: Sieve Recipes Loaded:              25
[08:31:54] [INFO] JEI: Stone Crucible Recipes Loaded:       1
[08:31:54] [INFO] JEI: Wood Crucible Recipes Loaded:        1
[08:31:54] [INFO] Registered Crook Catalyst: enderio:item_dark_steel_crook
[08:31:54] [INFO] Registered Hammer Catalyst: exnihilocreatio:hammer_wood
[08:31:54] [INFO] Registered Hammer Catalyst: exnihilocreatio:hammer_stone
[08:31:54] [INFO] Registered Hammer Catalyst: exnihilocreatio:hammer_iron
[08:31:54] [INFO] Registered Hammer Catalyst: exnihilocreatio:hammer_diamond
[08:31:54] [INFO] Registered Hammer Catalyst: exnihilocreatio:hammer_gold
[08:31:54] [INFO] Registered Crook Catalyst: exnihilocreatio:crook_wood
[08:31:54] [INFO] Registered Crook Catalyst: exnihilocreatio:crook_stone
[08:31:54] [INFO] Registered Crook Catalyst: exnihilocreatio:crook_andesite
[08:31:54] [INFO] Registered Crook Catalyst: exnihilocreatio:crook_granite
[08:31:54] [INFO] Registered Crook Catalyst: exnihilocreatio:crook_diorite
[08:31:54] [INFO] Registered Crook Catalyst: exnihilocreatio:crook_gold
[08:31:54] [INFO] Registered Crook Catalyst: exnihilocreatio:crook_iron
[08:31:54] [INFO] Registered Crook Catalyst: exnihilocreatio:crook_diamond
[08:31:54] [INFO] Registered Crook Catalyst: exnihilocreatio:crook_bone
[08:31:54] [INFO] Registered Crook Catalyst: exnihilocreatio:crook_clay_uncooked
[08:31:54] [INFO] Registered Crook Catalyst: exnihilocreatio:crook_clay
[08:31:54] [INFO] Registered Crook Catalyst: exnihilocreatio:crook_prismarine
[08:31:54] [INFO] Registered Crook Catalyst: exnihilocreatio:crook_netherrack
[08:31:54] [INFO] Registered Crook Catalyst: exnihilocreatio:crook_purpur
[08:31:54] [INFO] Registered Crook Catalyst: exnihilocreatio:crook_blaze
[08:31:54] [INFO] Registered Hammer Catalyst: exnihilocreatio:hammer_tconstruct
[08:31:54] [INFO] Registered Crook Catalyst: exnihilocreatio:crook_tconstruct
[08:31:54] [INFO] Registered Crook Catalyst: excompressum:compressed_crook
[08:31:54] [INFO] Registered Crook Catalyst: stoneblockutilities:crook_stone
