[07:05:27] [ERROR] Error parsing Ingredient String: Invalid Item: natura:overworld_leaves:-1
[07:05:27] [ERROR] Compost JSON Entry for natura:overworld_leaves:-1 already exists, skipping.
[07:05:27] [ERROR] Error parsing Ingredient String: Invalid Item: natura:overworld_leaves2:-1
[07:05:27] [ERROR] Compost JSON Entry for natura:overworld_leaves2:-1 already exists, skipping.
[07:05:27] [ERROR] Error parsing Ingredient String: Invalid Item: natura:redwood_leaves:0
[07:05:27] [ERROR] Compost JSON Entry for natura:redwood_leaves:0 already exists, skipping.
[07:05:27] [ERROR] Error parsing Ingredient String: Invalid Item: natura:nether_leaves:-1
[07:05:27] [ERROR] Compost JSON Entry for natura:nether_leaves:-1 already exists, skipping.
[07:05:27] [ERROR] Error parsing Ingredient String: Invalid Item: natura:nether_leaves2:-1
[07:05:27] [ERROR] Compost JSON Entry for natura:nether_leaves2:-1 already exists, skipping.
[07:05:27] [ERROR] Number error in json: randomthings:spectreleaf:*
[07:05:27] [ERROR] Compost JSON Entry for randomthings:spectreleaf:* already exists, skipping.
[07:05:34] [INFO] Enabled support for The One Probe
[07:06:46] [INFO] ModConfig Loaded: true
[07:06:46] [INFO] JEI: Compost Recipe Pages Loaded:         4
[07:06:46] [INFO] JEI: Fluid Item Transform Recipes Loaded:       24
[07:06:46] [INFO] JEI: Fluid On Top Recipes Loaded:       2
[07:06:46] [INFO] JEI: Fluid Transform Recipes Loaded:    2
[07:06:46] [INFO] JEI: Hammer Recipes Loaded:             14
[07:06:46] [INFO] JEI: Crook Recipes Loaded:              32
[07:06:46] [INFO] JEI: Heat Sources Loaded:             12
[07:06:46] [INFO] JEI: Sieve Recipes Loaded:              25
[07:06:46] [INFO] JEI: Stone Crucible Recipes Loaded:       1
[07:06:46] [INFO] JEI: Wood Crucible Recipes Loaded:        1
[07:06:46] [INFO] Registered Crook Catalyst: enderio:item_dark_steel_crook
[07:06:46] [INFO] Registered Hammer Catalyst: exnihilocreatio:hammer_wood
[07:06:46] [INFO] Registered Hammer Catalyst: exnihilocreatio:hammer_stone
[07:06:46] [INFO] Registered Hammer Catalyst: exnihilocreatio:hammer_iron
[07:06:46] [INFO] Registered Hammer Catalyst: exnihilocreatio:hammer_diamond
[07:06:46] [INFO] Registered Hammer Catalyst: exnihilocreatio:hammer_gold
[07:06:46] [INFO] Registered Crook Catalyst: exnihilocreatio:crook_wood
[07:06:46] [INFO] Registered Crook Catalyst: exnihilocreatio:crook_stone
[07:06:46] [INFO] Registered Crook Catalyst: exnihilocreatio:crook_andesite
[07:06:46] [INFO] Registered Crook Catalyst: exnihilocreatio:crook_granite
[07:06:46] [INFO] Registered Crook Catalyst: exnihilocreatio:crook_diorite
[07:06:46] [INFO] Registered Crook Catalyst: exnihilocreatio:crook_gold
[07:06:46] [INFO] Registered Crook Catalyst: exnihilocreatio:crook_iron
[07:06:46] [INFO] Registered Crook Catalyst: exnihilocreatio:crook_diamond
[07:06:46] [INFO] Registered Crook Catalyst: exnihilocreatio:crook_bone
[07:06:46] [INFO] Registered Crook Catalyst: exnihilocreatio:crook_clay_uncooked
[07:06:46] [INFO] Registered Crook Catalyst: exnihilocreatio:crook_clay
[07:06:46] [INFO] Registered Crook Catalyst: exnihilocreatio:crook_prismarine
[07:06:46] [INFO] Registered Crook Catalyst: exnihilocreatio:crook_netherrack
[07:06:46] [INFO] Registered Crook Catalyst: exnihilocreatio:crook_purpur
[07:06:46] [INFO] Registered Crook Catalyst: exnihilocreatio:crook_blaze
[07:06:46] [INFO] Registered Hammer Catalyst: exnihilocreatio:hammer_tconstruct
[07:06:46] [INFO] Registered Crook Catalyst: exnihilocreatio:crook_tconstruct
[07:06:46] [INFO] Registered Crook Catalyst: excompressum:compressed_crook
[07:06:46] [INFO] Registered Crook Catalyst: stoneblockutilities:crook_stone
