[12:57:23] [ERROR] Error parsing Ingredient String: Invalid Item: natura:overworld_leaves:-1
[12:57:23] [ERROR] Compost JSON Entry for natura:overworld_leaves:-1 already exists, skipping.
[12:57:23] [ERROR] Error parsing Ingredient String: Invalid Item: natura:overworld_leaves2:-1
[12:57:23] [ERROR] Compost JSON Entry for natura:overworld_leaves2:-1 already exists, skipping.
[12:57:23] [ERROR] Error parsing Ingredient String: Invalid Item: natura:redwood_leaves:0
[12:57:23] [ERROR] Compost JSON Entry for natura:redwood_leaves:0 already exists, skipping.
[12:57:23] [ERROR] Error parsing Ingredient String: Invalid Item: natura:nether_leaves:-1
[12:57:23] [ERROR] Compost JSON Entry for natura:nether_leaves:-1 already exists, skipping.
[12:57:23] [ERROR] Error parsing Ingredient String: Invalid Item: natura:nether_leaves2:-1
[12:57:23] [ERROR] Compost JSON Entry for natura:nether_leaves2:-1 already exists, skipping.
[12:57:23] [ERROR] Number error in json: randomthings:spectreleaf:*
[12:57:23] [ERROR] Compost JSON Entry for randomthings:spectreleaf:* already exists, skipping.
[12:57:31] [INFO] Enabled support for The One Probe
[12:58:34] [INFO] ModConfig Loaded: true
[12:58:34] [INFO] JEI: Compost Recipe Pages Loaded:         4
[12:58:34] [INFO] JEI: Fluid Item Transform Recipes Loaded:       24
[12:58:34] [INFO] JEI: Fluid On Top Recipes Loaded:       2
[12:58:34] [INFO] JEI: Fluid Transform Recipes Loaded:    2
[12:58:34] [INFO] JEI: Hammer Recipes Loaded:             14
[12:58:34] [INFO] JEI: Crook Recipes Loaded:              32
[12:58:34] [INFO] JEI: Heat Sources Loaded:             12
[12:58:34] [INFO] JEI: Sieve Recipes Loaded:              25
[12:58:34] [INFO] JEI: Stone Crucible Recipes Loaded:       1
[12:58:34] [INFO] JEI: Wood Crucible Recipes Loaded:        1
[12:58:34] [INFO] Registered Crook Catalyst: enderio:item_dark_steel_crook
[12:58:34] [INFO] Registered Hammer Catalyst: exnihilocreatio:hammer_wood
[12:58:34] [INFO] Registered Hammer Catalyst: exnihilocreatio:hammer_stone
[12:58:34] [INFO] Registered Hammer Catalyst: exnihilocreatio:hammer_iron
[12:58:34] [INFO] Registered Hammer Catalyst: exnihilocreatio:hammer_diamond
[12:58:34] [INFO] Registered Hammer Catalyst: exnihilocreatio:hammer_gold
[12:58:34] [INFO] Registered Crook Catalyst: exnihilocreatio:crook_wood
[12:58:34] [INFO] Registered Crook Catalyst: exnihilocreatio:crook_stone
[12:58:34] [INFO] Registered Crook Catalyst: exnihilocreatio:crook_andesite
[12:58:34] [INFO] Registered Crook Catalyst: exnihilocreatio:crook_granite
[12:58:34] [INFO] Registered Crook Catalyst: exnihilocreatio:crook_diorite
[12:58:34] [INFO] Registered Crook Catalyst: exnihilocreatio:crook_gold
[12:58:34] [INFO] Registered Crook Catalyst: exnihilocreatio:crook_iron
[12:58:34] [INFO] Registered Crook Catalyst: exnihilocreatio:crook_diamond
[12:58:34] [INFO] Registered Crook Catalyst: exnihilocreatio:crook_bone
[12:58:34] [INFO] Registered Crook Catalyst: exnihilocreatio:crook_clay_uncooked
[12:58:34] [INFO] Registered Crook Catalyst: exnihilocreatio:crook_clay
[12:58:34] [INFO] Registered Crook Catalyst: exnihilocreatio:crook_prismarine
[12:58:34] [INFO] Registered Crook Catalyst: exnihilocreatio:crook_netherrack
[12:58:34] [INFO] Registered Crook Catalyst: exnihilocreatio:crook_purpur
[12:58:34] [INFO] Registered Crook Catalyst: exnihilocreatio:crook_blaze
[12:58:34] [INFO] Registered Hammer Catalyst: exnihilocreatio:hammer_tconstruct
[12:58:34] [INFO] Registered Crook Catalyst: exnihilocreatio:crook_tconstruct
[12:58:34] [INFO] Registered Crook Catalyst: excompressum:compressed_crook
[12:58:34] [INFO] Registered Crook Catalyst: stoneblockutilities:crook_stone
