[16:17:44] [ERROR] Error parsing Ingredient String: Invalid Item: natura:overworld_leaves:-1
[16:17:44] [ERROR] Compost JSON Entry for natura:overworld_leaves:-1 already exists, skipping.
[16:17:44] [ERROR] Error parsing Ingredient String: Invalid Item: natura:overworld_leaves2:-1
[16:17:44] [ERROR] Compost JSON Entry for natura:overworld_leaves2:-1 already exists, skipping.
[16:17:44] [ERROR] Error parsing Ingredient String: Invalid Item: natura:redwood_leaves:0
[16:17:44] [ERROR] Compost JSON Entry for natura:redwood_leaves:0 already exists, skipping.
[16:17:44] [ERROR] Error parsing Ingredient String: Invalid Item: natura:nether_leaves:-1
[16:17:44] [ERROR] Compost JSON Entry for natura:nether_leaves:-1 already exists, skipping.
[16:17:44] [ERROR] Error parsing Ingredient String: Invalid Item: natura:nether_leaves2:-1
[16:17:44] [ERROR] Compost JSON Entry for natura:nether_leaves2:-1 already exists, skipping.
[16:17:44] [ERROR] Number error in json: randomthings:spectreleaf:*
[16:17:44] [ERROR] Compost JSON Entry for randomthings:spectreleaf:* already exists, skipping.
[16:17:52] [INFO] Enabled support for The One Probe
[16:19:01] [INFO] ModConfig Loaded: true
[16:19:01] [INFO] JEI: Compost Recipe Pages Loaded:         4
[16:19:01] [INFO] JEI: Fluid Item Transform Recipes Loaded:       24
[16:19:01] [INFO] JEI: Fluid On Top Recipes Loaded:       2
[16:19:01] [INFO] JEI: Fluid Transform Recipes Loaded:    2
[16:19:01] [INFO] JEI: Hammer Recipes Loaded:             14
[16:19:01] [INFO] JEI: Crook Recipes Loaded:              32
[16:19:01] [INFO] JEI: Heat Sources Loaded:             12
[16:19:01] [INFO] JEI: Sieve Recipes Loaded:              25
[16:19:01] [INFO] JEI: Stone Crucible Recipes Loaded:       1
[16:19:01] [INFO] JEI: Wood Crucible Recipes Loaded:        1
[16:19:01] [INFO] Registered Crook Catalyst: enderio:item_dark_steel_crook
[16:19:01] [INFO] Registered Hammer Catalyst: exnihilocreatio:hammer_wood
[16:19:01] [INFO] Registered Hammer Catalyst: exnihilocreatio:hammer_stone
[16:19:01] [INFO] Registered Hammer Catalyst: exnihilocreatio:hammer_iron
[16:19:01] [INFO] Registered Hammer Catalyst: exnihilocreatio:hammer_diamond
[16:19:01] [INFO] Registered Hammer Catalyst: exnihilocreatio:hammer_gold
[16:19:01] [INFO] Registered Crook Catalyst: exnihilocreatio:crook_wood
[16:19:01] [INFO] Registered Crook Catalyst: exnihilocreatio:crook_stone
[16:19:01] [INFO] Registered Crook Catalyst: exnihilocreatio:crook_andesite
[16:19:01] [INFO] Registered Crook Catalyst: exnihilocreatio:crook_granite
[16:19:01] [INFO] Registered Crook Catalyst: exnihilocreatio:crook_diorite
[16:19:01] [INFO] Registered Crook Catalyst: exnihilocreatio:crook_gold
[16:19:01] [INFO] Registered Crook Catalyst: exnihilocreatio:crook_iron
[16:19:01] [INFO] Registered Crook Catalyst: exnihilocreatio:crook_diamond
[16:19:01] [INFO] Registered Crook Catalyst: exnihilocreatio:crook_bone
[16:19:01] [INFO] Registered Crook Catalyst: exnihilocreatio:crook_clay_uncooked
[16:19:01] [INFO] Registered Crook Catalyst: exnihilocreatio:crook_clay
[16:19:01] [INFO] Registered Crook Catalyst: exnihilocreatio:crook_prismarine
[16:19:01] [INFO] Registered Crook Catalyst: exnihilocreatio:crook_netherrack
[16:19:01] [INFO] Registered Crook Catalyst: exnihilocreatio:crook_purpur
[16:19:01] [INFO] Registered Crook Catalyst: exnihilocreatio:crook_blaze
[16:19:01] [INFO] Registered Hammer Catalyst: exnihilocreatio:hammer_tconstruct
[16:19:01] [INFO] Registered Crook Catalyst: exnihilocreatio:crook_tconstruct
[16:19:01] [INFO] Registered Crook Catalyst: excompressum:compressed_crook
[16:19:01] [INFO] Registered Crook Catalyst: stoneblockutilities:crook_stone
