[19:24:35] [ERROR] Error parsing Ingredient String: Invalid Item: natura:overworld_leaves:-1
[19:24:35] [ERROR] Compost JSON Entry for natura:overworld_leaves:-1 already exists, skipping.
[19:24:35] [ERROR] Error parsing Ingredient String: Invalid Item: natura:overworld_leaves2:-1
[19:24:35] [ERROR] Compost JSON Entry for natura:overworld_leaves2:-1 already exists, skipping.
[19:24:35] [ERROR] Error parsing Ingredient String: Invalid Item: natura:redwood_leaves:0
[19:24:35] [ERROR] Compost JSON Entry for natura:redwood_leaves:0 already exists, skipping.
[19:24:35] [ERROR] Error parsing Ingredient String: Invalid Item: natura:nether_leaves:-1
[19:24:35] [ERROR] Compost JSON Entry for natura:nether_leaves:-1 already exists, skipping.
[19:24:35] [ERROR] Error parsing Ingredient String: Invalid Item: natura:nether_leaves2:-1
[19:24:35] [ERROR] Compost JSON Entry for natura:nether_leaves2:-1 already exists, skipping.
[19:24:35] [ERROR] Number error in json: randomthings:spectreleaf:*
[19:24:35] [ERROR] Compost JSON Entry for randomthings:spectreleaf:* already exists, skipping.
[19:24:44] [INFO] Enabled support for The One Probe
[19:25:51] [INFO] ModConfig Loaded: true
[19:25:51] [INFO] JEI: Compost Recipe Pages Loaded:         4
[19:25:51] [INFO] JEI: Fluid Item Transform Recipes Loaded:       24
[19:25:51] [INFO] JEI: Fluid On Top Recipes Loaded:       2
[19:25:51] [INFO] JEI: Fluid Transform Recipes Loaded:    2
[19:25:51] [INFO] JEI: Hammer Recipes Loaded:             14
[19:25:51] [INFO] JEI: Crook Recipes Loaded:              32
[19:25:51] [INFO] JEI: Heat Sources Loaded:             12
[19:25:51] [INFO] JEI: Sieve Recipes Loaded:              25
[19:25:51] [INFO] JEI: Stone Crucible Recipes Loaded:       1
[19:25:51] [INFO] JEI: Wood Crucible Recipes Loaded:        1
[19:25:51] [INFO] Registered Crook Catalyst: enderio:item_dark_steel_crook
[19:25:51] [INFO] Registered Hammer Catalyst: exnihilocreatio:hammer_wood
[19:25:51] [INFO] Registered Hammer Catalyst: exnihilocreatio:hammer_stone
[19:25:51] [INFO] Registered Hammer Catalyst: exnihilocreatio:hammer_iron
[19:25:51] [INFO] Registered Hammer Catalyst: exnihilocreatio:hammer_diamond
[19:25:51] [INFO] Registered Hammer Catalyst: exnihilocreatio:hammer_gold
[19:25:51] [INFO] Registered Crook Catalyst: exnihilocreatio:crook_wood
[19:25:51] [INFO] Registered Crook Catalyst: exnihilocreatio:crook_stone
[19:25:51] [INFO] Registered Crook Catalyst: exnihilocreatio:crook_andesite
[19:25:51] [INFO] Registered Crook Catalyst: exnihilocreatio:crook_granite
[19:25:51] [INFO] Registered Crook Catalyst: exnihilocreatio:crook_diorite
[19:25:51] [INFO] Registered Crook Catalyst: exnihilocreatio:crook_gold
[19:25:51] [INFO] Registered Crook Catalyst: exnihilocreatio:crook_iron
[19:25:51] [INFO] Registered Crook Catalyst: exnihilocreatio:crook_diamond
[19:25:51] [INFO] Registered Crook Catalyst: exnihilocreatio:crook_bone
[19:25:51] [INFO] Registered Crook Catalyst: exnihilocreatio:crook_clay_uncooked
[19:25:51] [INFO] Registered Crook Catalyst: exnihilocreatio:crook_clay
[19:25:51] [INFO] Registered Crook Catalyst: exnihilocreatio:crook_prismarine
[19:25:51] [INFO] Registered Crook Catalyst: exnihilocreatio:crook_netherrack
[19:25:51] [INFO] Registered Crook Catalyst: exnihilocreatio:crook_purpur
[19:25:51] [INFO] Registered Crook Catalyst: exnihilocreatio:crook_blaze
[19:25:51] [INFO] Registered Hammer Catalyst: exnihilocreatio:hammer_tconstruct
[19:25:51] [INFO] Registered Crook Catalyst: exnihilocreatio:crook_tconstruct
[19:25:51] [INFO] Registered Crook Catalyst: excompressum:compressed_crook
[19:25:51] [INFO] Registered Crook Catalyst: stoneblockutilities:crook_stone
