[15:00:16] [ERROR] Error parsing Ingredient String: Invalid Item: natura:overworld_leaves:-1
[15:00:16] [ERROR] Compost JSON Entry for natura:overworld_leaves:-1 already exists, skipping.
[15:00:16] [ERROR] Error parsing Ingredient String: Invalid Item: natura:overworld_leaves2:-1
[15:00:16] [ERROR] Compost JSON Entry for natura:overworld_leaves2:-1 already exists, skipping.
[15:00:16] [ERROR] Error parsing Ingredient String: Invalid Item: natura:redwood_leaves:0
[15:00:16] [ERROR] Compost JSON Entry for natura:redwood_leaves:0 already exists, skipping.
[15:00:16] [ERROR] Error parsing Ingredient String: Invalid Item: natura:nether_leaves:-1
[15:00:16] [ERROR] Compost JSON Entry for natura:nether_leaves:-1 already exists, skipping.
[15:00:16] [ERROR] Error parsing Ingredient String: Invalid Item: natura:nether_leaves2:-1
[15:00:16] [ERROR] Compost JSON Entry for natura:nether_leaves2:-1 already exists, skipping.
[15:00:16] [ERROR] Number error in json: randomthings:spectreleaf:*
[15:00:16] [ERROR] Compost JSON Entry for randomthings:spectreleaf:* already exists, skipping.
[15:00:24] [INFO] Enabled support for The One Probe
[15:01:31] [INFO] ModConfig Loaded: true
[15:01:31] [INFO] JEI: Compost Recipe Pages Loaded:         4
[15:01:31] [INFO] JEI: Fluid Item Transform Recipes Loaded:       24
[15:01:31] [INFO] JEI: Fluid On Top Recipes Loaded:       2
[15:01:31] [INFO] JEI: Fluid Transform Recipes Loaded:    2
[15:01:31] [INFO] JEI: Hammer Recipes Loaded:             14
[15:01:31] [INFO] JEI: Crook Recipes Loaded:              32
[15:01:31] [INFO] JEI: Heat Sources Loaded:             12
[15:01:31] [INFO] JEI: Sieve Recipes Loaded:              25
[15:01:31] [INFO] JEI: Stone Crucible Recipes Loaded:       1
[15:01:31] [INFO] JEI: Wood Crucible Recipes Loaded:        1
[15:01:31] [INFO] Registered Crook Catalyst: enderio:item_dark_steel_crook
[15:01:31] [INFO] Registered Hammer Catalyst: exnihilocreatio:hammer_wood
[15:01:31] [INFO] Registered Hammer Catalyst: exnihilocreatio:hammer_stone
[15:01:31] [INFO] Registered Hammer Catalyst: exnihilocreatio:hammer_iron
[15:01:31] [INFO] Registered Hammer Catalyst: exnihilocreatio:hammer_diamond
[15:01:31] [INFO] Registered Hammer Catalyst: exnihilocreatio:hammer_gold
[15:01:31] [INFO] Registered Crook Catalyst: exnihilocreatio:crook_wood
[15:01:31] [INFO] Registered Crook Catalyst: exnihilocreatio:crook_stone
[15:01:31] [INFO] Registered Crook Catalyst: exnihilocreatio:crook_andesite
[15:01:31] [INFO] Registered Crook Catalyst: exnihilocreatio:crook_granite
[15:01:31] [INFO] Registered Crook Catalyst: exnihilocreatio:crook_diorite
[15:01:31] [INFO] Registered Crook Catalyst: exnihilocreatio:crook_gold
[15:01:31] [INFO] Registered Crook Catalyst: exnihilocreatio:crook_iron
[15:01:31] [INFO] Registered Crook Catalyst: exnihilocreatio:crook_diamond
[15:01:31] [INFO] Registered Crook Catalyst: exnihilocreatio:crook_bone
[15:01:31] [INFO] Registered Crook Catalyst: exnihilocreatio:crook_clay_uncooked
[15:01:31] [INFO] Registered Crook Catalyst: exnihilocreatio:crook_clay
[15:01:31] [INFO] Registered Crook Catalyst: exnihilocreatio:crook_prismarine
[15:01:31] [INFO] Registered Crook Catalyst: exnihilocreatio:crook_netherrack
[15:01:31] [INFO] Registered Crook Catalyst: exnihilocreatio:crook_purpur
[15:01:31] [INFO] Registered Crook Catalyst: exnihilocreatio:crook_blaze
[15:01:31] [INFO] Registered Hammer Catalyst: exnihilocreatio:hammer_tconstruct
[15:01:31] [INFO] Registered Crook Catalyst: exnihilocreatio:crook_tconstruct
[15:01:31] [INFO] Registered Crook Catalyst: excompressum:compressed_crook
[15:01:31] [INFO] Registered Crook Catalyst: stoneblockutilities:crook_stone
